[debug] [2023-06-13T09:46:36.143Z] ----------------------------------------------------------------------
[debug] [2023-06-13T09:46:36.145Z] Command:       C:\Program Files\nodejs\node.exe C:\Users\Smile\AppData\Roaming\npm\node_modules\firebase-tools\lib\bin\firebase.js init
[debug] [2023-06-13T09:46:36.146Z] CLI Version:   12.3.1
[debug] [2023-06-13T09:46:36.146Z] Platform:      win32
[debug] [2023-06-13T09:46:36.146Z] Node Version:  v18.14.0
[debug] [2023-06-13T09:46:36.148Z] Time:          Tue Jun 13 2023 12:46:36 GMT+0300 (Москва, стандартное время)
[debug] [2023-06-13T09:46:36.148Z] ----------------------------------------------------------------------
[debug] 
[debug] [2023-06-13T09:46:36.254Z] > command requires scopes: ["email","openid","https://www.googleapis.com/auth/cloudplatformprojects.readonly","https://www.googleapis.com/auth/firebase","https://www.googleapis.com/auth/cloud-platform"]
[debug] [2023-06-13T09:46:36.255Z] > authorizing via signed-in user (aleksandrbirula3@gmail.com)
[info] 
     ######## #### ########  ######## ########     ###     ######  ########
     ##        ##  ##     ## ##       ##     ##  ##   ##  ##       ##
     ######    ##  ########  ######   ########  #########  ######  ######
     ##        ##  ##    ##  ##       ##     ## ##     ##       ## ##
     ##       #### ##     ## ######## ########  ##     ##  ######  ########

You're about to initialize a Firebase project in this directory:

  D:\pet\anowreact

Before we get started, keep in mind:

  * You are initializing within an existing Firebase project directory

